<?xml version="1.0" encoding="UTF-8"?>
<testsuite xmlns:xsi="http://www.w3.org/2001/XMLSchema-instance" xsi:noNamespaceSchemaLocation="https://maven.apache.org/surefire/maven-surefire-plugin/xsd/surefire-test-report.xsd" name="nrs20.skladiste.ProductsModelTest" time="0.216" tests="4" errors="0" skipped="0" failures="0">
  <properties>
[...]
</properties>
  <testcase name="napuni" classname="nrs20.skladiste.ProductsModelTest" time="0.142"/>
  <testcase name="konstruktor" classname="nrs20.skladiste.ProductsModelTest" time="0"/>
  <testcase name="trenutniProizvod" classname="nrs20.skladiste.ProductsModelTest" time="0.041"/>
  <testcase name="napuni2" classname="nrs20.skladiste.ProductsModelTest" time="0"/>
</testsuite>